build/app/intermediates/manifest_merge_blame_file/debug/manifest-merger-blame-debug-report.txt
1<?xml version="1.0" encoding="utf-8"?>
2<manifest xmlns:android="http://schemas.android.com/apk/res/android"
3    package="com.flutterthailand.final_project"
4    android:versionCode="1"
5    android:versionName="1.0.0" >
6
7    <uses-sdk
8        android:minSdkVersion="21"
9        android:targetSdkVersion="30" />
10    <!--
11         Flutter needs it to communicate with the running application
12         to allow setting breakpoints, to provide hot reload, etc.
13    -->
14    <uses-permission android:name="android.permission.INTERNET" />
14-->src/main/AndroidManifest.xml:4:5-67
14-->src/main/AndroidManifest.xml:4:22-64
15    <uses-permission android:name="android.permission.CAMERA" />
15-->src/main/AndroidManifest.xml:3:5-65
15-->src/main/AndroidManifest.xml:3:22-62
16    <uses-permission android:name="android.permission.FLASHLIGHT" />
16-->src/main/AndroidManifest.xml:5:5-69
16-->src/main/AndroidManifest.xml:5:22-66
17    <uses-permission android:name="android.permission.RECEIVE_BOOT_COMPLETED" />
17-->src/main/AndroidManifest.xml:6:5-81
17-->src/main/AndroidManifest.xml:6:22-78
18    <uses-permission android:name="android.permission.VIBRATE" />
18-->src/main/AndroidManifest.xml:7:5-66
18-->src/main/AndroidManifest.xml:7:22-63
19    <uses-permission android:name="android.permission.QUERY_ALL_PACKAGES" />
19-->src/main/AndroidManifest.xml:8:5-76
19-->src/main/AndroidManifest.xml:8:22-74
20    <uses-permission android:name="android.permission.ACCESS_COARSE_LOCATION" />
20-->[:location] AndroidManifest.xml:7:5-81
20-->[:location] AndroidManifest.xml:7:22-78
21    <uses-permission android:name="android.permission.ACCESS_FINE_LOCATION" />
21-->[:location] AndroidManifest.xml:8:5-79
21-->[:location] AndroidManifest.xml:8:22-76
22    <uses-permission android:name="android.permission.READ_EXTERNAL_STORAGE" />
22-->[:image_picker] AndroidManifest.xml:7:5-80
22-->[:image_picker] AndroidManifest.xml:7:22-77
23    <uses-permission android:name="android.permission.WRITE_EXTERNAL_STORAGE" />
23-->[:image_picker] AndroidManifest.xml:8:5-81
23-->[:image_picker] AndroidManifest.xml:8:22-78
24    <uses-permission android:name="android.permission.USE_FULL_SCREEN_INTENT" /> <!-- Although the *SdkVersion is captured in gradle build files, this is required for non gradle builds -->
24-->[:flutter_local_notifications] AndroidManifest.xml:9:5-81
24-->[:flutter_local_notifications] AndroidManifest.xml:9:22-78
25    <!-- <uses-sdk android:minSdkVersion="14" /> -->
26    <uses-permission android:name="android.permission.ACCESS_NETWORK_STATE" />
26-->[com.google.firebase:firebase-firestore:21.3.0] AndroidManifest.xml:13:5-79
26-->[com.google.firebase:firebase-firestore:21.3.0] AndroidManifest.xml:13:22-76
27
28    <uses-feature
28-->[com.google.android.gms:play-services-maps:17.0.0] AndroidManifest.xml:26:5-28:35
29        android:glEsVersion="0x00020000"
29-->[com.google.android.gms:play-services-maps:17.0.0] AndroidManifest.xml:27:9-41
30        android:required="true" />
30-->[com.google.android.gms:play-services-maps:17.0.0] AndroidManifest.xml:28:9-32
31
32    <uses-permission android:name="android.permission.WAKE_LOCK" /> <!-- Required by older versions of Google Play services to create IID tokens -->
32-->[com.google.android.gms:play-services-measurement-api:17.2.2] AndroidManifest.xml:24:5-68
32-->[com.google.android.gms:play-services-measurement-api:17.2.2] AndroidManifest.xml:24:22-65
33    <uses-permission android:name="com.google.android.c2dm.permission.RECEIVE" />
33-->[com.google.firebase:firebase-iid:20.0.2] AndroidManifest.xml:26:5-82
33-->[com.google.firebase:firebase-iid:20.0.2] AndroidManifest.xml:26:22-79
34    <uses-permission android:name="com.google.android.finsky.permission.BIND_GET_INSTALL_REFERRER_SERVICE" /> <!-- for android -->
34-->[com.google.android.gms:play-services-measurement:17.2.2] AndroidManifest.xml:26:5-110
34-->[com.google.android.gms:play-services-measurement:17.2.2] AndroidManifest.xml:26:22-107
35    <!-- <uses-permission android:name="com.android.launcher.permission.READ_SETTINGS"/> -->
36    <!-- <uses-permission android:name="com.android.launcher.permission.WRITE_SETTINGS"/> -->
37    <!-- <uses-permission android:name="com.android.launcher.permission.INSTALL_SHORTCUT" /> -->
38    <!-- <uses-permission android:name="com.android.launcher.permission.UNINSTALL_SHORTCUT" /> -->
39    <!-- for Samsung -->
40    <uses-permission android:name="com.sec.android.provider.badge.permission.READ" />
40-->[me.leolin:ShortcutBadger:1.1.22] AndroidManifest.xml:19:5-86
40-->[me.leolin:ShortcutBadger:1.1.22] AndroidManifest.xml:19:22-83
41    <uses-permission android:name="com.sec.android.provider.badge.permission.WRITE" /> <!-- for htc -->
41-->[me.leolin:ShortcutBadger:1.1.22] AndroidManifest.xml:20:5-87
41-->[me.leolin:ShortcutBadger:1.1.22] AndroidManifest.xml:20:22-84
42    <uses-permission android:name="com.htc.launcher.permission.READ_SETTINGS" />
42-->[me.leolin:ShortcutBadger:1.1.22] AndroidManifest.xml:23:5-81
42-->[me.leolin:ShortcutBadger:1.1.22] AndroidManifest.xml:23:22-78
43    <uses-permission android:name="com.htc.launcher.permission.UPDATE_SHORTCUT" /> <!-- for sony -->
43-->[me.leolin:ShortcutBadger:1.1.22] AndroidManifest.xml:24:5-83
43-->[me.leolin:ShortcutBadger:1.1.22] AndroidManifest.xml:24:22-80
44    <uses-permission android:name="com.sonyericsson.home.permission.BROADCAST_BADGE" />
44-->[me.leolin:ShortcutBadger:1.1.22] AndroidManifest.xml:27:5-88
44-->[me.leolin:ShortcutBadger:1.1.22] AndroidManifest.xml:27:22-85
45    <uses-permission android:name="com.sonymobile.home.permission.PROVIDER_INSERT_BADGE" /> <!-- for apex -->
45-->[me.leolin:ShortcutBadger:1.1.22] AndroidManifest.xml:28:5-92
45-->[me.leolin:ShortcutBadger:1.1.22] AndroidManifest.xml:28:22-89
46    <uses-permission android:name="com.anddoes.launcher.permission.UPDATE_COUNT" /> <!-- for solid -->
46-->[me.leolin:ShortcutBadger:1.1.22] AndroidManifest.xml:31:5-84
46-->[me.leolin:ShortcutBadger:1.1.22] AndroidManifest.xml:31:22-81
47    <uses-permission android:name="com.majeur.launcher.permission.UPDATE_BADGE" /> <!-- for huawei -->
47-->[me.leolin:ShortcutBadger:1.1.22] AndroidManifest.xml:34:5-83
47-->[me.leolin:ShortcutBadger:1.1.22] AndroidManifest.xml:34:22-80
48    <uses-permission android:name="com.huawei.android.launcher.permission.CHANGE_BADGE" />
48-->[me.leolin:ShortcutBadger:1.1.22] AndroidManifest.xml:37:5-91
48-->[me.leolin:ShortcutBadger:1.1.22] AndroidManifest.xml:37:22-88
49    <uses-permission android:name="com.huawei.android.launcher.permission.READ_SETTINGS" />
49-->[me.leolin:ShortcutBadger:1.1.22] AndroidManifest.xml:38:5-92
49-->[me.leolin:ShortcutBadger:1.1.22] AndroidManifest.xml:38:22-89
50    <uses-permission android:name="com.huawei.android.launcher.permission.WRITE_SETTINGS" /> <!-- for ZUK -->
50-->[me.leolin:ShortcutBadger:1.1.22] AndroidManifest.xml:39:5-93
50-->[me.leolin:ShortcutBadger:1.1.22] AndroidManifest.xml:39:22-90
51    <uses-permission android:name="android.permission.READ_APP_BADGE" /> <!-- for OPPO -->
51-->[me.leolin:ShortcutBadger:1.1.22] AndroidManifest.xml:42:5-73
51-->[me.leolin:ShortcutBadger:1.1.22] AndroidManifest.xml:42:22-70
52    <uses-permission android:name="com.oppo.launcher.permission.READ_SETTINGS" />
52-->[me.leolin:ShortcutBadger:1.1.22] AndroidManifest.xml:45:5-82
52-->[me.leolin:ShortcutBadger:1.1.22] AndroidManifest.xml:45:22-79
53    <uses-permission android:name="com.oppo.launcher.permission.WRITE_SETTINGS" /> <!-- for EvMe -->
53-->[me.leolin:ShortcutBadger:1.1.22] AndroidManifest.xml:46:5-83
53-->[me.leolin:ShortcutBadger:1.1.22] AndroidManifest.xml:46:22-80
54    <uses-permission android:name="me.everything.badger.permission.BADGE_COUNT_READ" />
54-->[me.leolin:ShortcutBadger:1.1.22] AndroidManifest.xml:49:5-88
54-->[me.leolin:ShortcutBadger:1.1.22] AndroidManifest.xml:49:22-85
55    <uses-permission android:name="me.everything.badger.permission.BADGE_COUNT_WRITE" />
55-->[me.leolin:ShortcutBadger:1.1.22] AndroidManifest.xml:50:5-89
55-->[me.leolin:ShortcutBadger:1.1.22] AndroidManifest.xml:50:22-86
56
57    <application
57-->src/main/AndroidManifest.xml:9:4-55:19
58        android:allowBackup="true"
58-->src/main/AndroidManifest.xml:14:9-35
59        android:appComponentFactory="androidx.core.app.CoreComponentFactory"
59-->[androidx.core:core:1.3.2] AndroidManifest.xml:24:18-86
60        android:debuggable="true"
61        android:hardwareAccelerated="true"
61-->src/main/AndroidManifest.xml:16:9-43
62        android:icon="@mipmap/ic_launcher"
62-->src/main/AndroidManifest.xml:13:9-43
63        android:label="final_project"
63-->src/main/AndroidManifest.xml:12:9-38
64        android:largeHeap="true"
64-->src/main/AndroidManifest.xml:11:9-33
65        android:requestLegacyExternalStorage="true"
65-->src/main/AndroidManifest.xml:10:9-52
66        android:usesCleartextTraffic="true" >
66-->src/main/AndroidManifest.xml:15:9-44
67        <meta-data
67-->src/main/AndroidManifest.xml:18:9-19:73
68            android:name="com.google.android.geo.API_KEY"
68-->src/main/AndroidManifest.xml:18:20-65
69            android:value="AIzaSyDeUGwnwQ7iwtM-SY8gNo1tapNPN9-cS6A" />
69-->src/main/AndroidManifest.xml:19:16-71
70
71        <activity
71-->src/main/AndroidManifest.xml:21:9-49:20
72            android:name="com.flutterthailand.final_project.MainActivity"
72-->src/main/AndroidManifest.xml:22:13-41
73            android:configChanges="orientation|keyboardHidden|keyboard|screenSize|smallestScreenSize|locale|layoutDirection|fontScale|screenLayout|density|uiMode"
73-->src/main/AndroidManifest.xml:25:13-163
74            android:hardwareAccelerated="true"
74-->src/main/AndroidManifest.xml:26:13-47
75            android:launchMode="singleTop"
75-->src/main/AndroidManifest.xml:23:13-43
76            android:theme="@style/LaunchTheme"
76-->src/main/AndroidManifest.xml:24:13-47
77            android:windowSoftInputMode="adjustResize" >
77-->src/main/AndroidManifest.xml:27:13-55
78
79            <!--
80                 Specifies an Android theme to apply to this Activity as soon as
81                 the Android process has started. This theme is visible to the user
82                 while the Flutter UI initializes. After that, this theme continues
83                 to determine the Window background behind the Flutter UI.
84            -->
85            <meta-data
85-->src/main/AndroidManifest.xml:32:13-35:17
86                android:name="io.flutter.embedding.android.NormalTheme"
86-->src/main/AndroidManifest.xml:33:15-70
87                android:resource="@style/NormalTheme" />
87-->src/main/AndroidManifest.xml:34:15-52
88            <!--
89                 Displays an Android View that continues showing the launch screen
90                 Drawable until Flutter paints its first frame, then this splash
91                 screen fades out. A splash screen is useful to avoid any visual
92                 gap between the end of Android's launch screen and the painting of
93                 Flutter's first frame.
94            -->
95            <meta-data
95-->src/main/AndroidManifest.xml:41:13-44:17
96                android:name="io.flutter.embedding.android.SplashScreenDrawable"
96-->src/main/AndroidManifest.xml:42:15-79
97                android:resource="@drawable/launch_background" />
97-->src/main/AndroidManifest.xml:43:15-61
98
99            <intent-filter>
99-->src/main/AndroidManifest.xml:45:13-48:29
100                <action android:name="android.intent.action.MAIN" />
100-->src/main/AndroidManifest.xml:46:17-68
100-->src/main/AndroidManifest.xml:46:25-66
101
102                <category android:name="android.intent.category.LAUNCHER" />
102-->src/main/AndroidManifest.xml:47:17-76
102-->src/main/AndroidManifest.xml:47:27-74
103            </intent-filter>
104        </activity>
105        <!--
106             Don't delete the meta-data below.
107             This is used by the Flutter tool to generate GeneratedPluginRegistrant.java
108        -->
109        <meta-data
109-->src/main/AndroidManifest.xml:52:9-54:33
110            android:name="flutterEmbedding"
110-->src/main/AndroidManifest.xml:53:13-44
111            android:value="2" />
111-->src/main/AndroidManifest.xml:54:13-30
112
113        <service
113-->[:location] AndroidManifest.xml:11:9-15:56
114            android:name="com.lyokone.location.FlutterLocationService"
114-->[:location] AndroidManifest.xml:12:13-71
115            android:enabled="true"
115-->[:location] AndroidManifest.xml:13:13-35
116            android:exported="false"
116-->[:location] AndroidManifest.xml:14:13-37
117            android:foregroundServiceType="location" />
117-->[:location] AndroidManifest.xml:15:13-53
118
119        <provider
119-->[:image_picker] AndroidManifest.xml:11:9-19:20
120            android:name="io.flutter.plugins.imagepicker.ImagePickerFileProvider"
120-->[:image_picker] AndroidManifest.xml:12:13-82
121            android:authorities="com.flutterthailand.final_project.flutter.image_provider"
121-->[:image_picker] AndroidManifest.xml:13:13-74
122            android:exported="false"
122-->[:image_picker] AndroidManifest.xml:14:13-37
123            android:grantUriPermissions="true" >
123-->[:image_picker] AndroidManifest.xml:15:13-47
124            <meta-data
124-->[:image_picker] AndroidManifest.xml:16:13-18:75
125                android:name="android.support.FILE_PROVIDER_PATHS"
125-->[:image_picker] AndroidManifest.xml:17:17-67
126                android:resource="@xml/flutter_image_picker_file_paths" />
126-->[:image_picker] AndroidManifest.xml:18:17-72
127        </provider>
128
129        <service
129-->[:cloud_firestore] AndroidManifest.xml:8:9-12:19
130            android:name="com.google.firebase.components.ComponentDiscoveryService"
130-->[:cloud_firestore] AndroidManifest.xml:8:18-89
131            android:directBootAware="true"
131-->[com.google.firebase:firebase-common:19.3.0] AndroidManifest.xml:34:13-43
132            android:exported="false" >
132-->[com.google.firebase:firebase-firestore:21.3.0] AndroidManifest.xml:19:13-37
133            <meta-data
133-->[:cloud_firestore] AndroidManifest.xml:9:13-11:85
134                android:name="com.google.firebase.components:io.flutter.plugins.firebase.cloudfirestore.FlutterFirebaseAppRegistrar"
134-->[:cloud_firestore] AndroidManifest.xml:10:17-133
135                android:value="com.google.firebase.components.ComponentRegistrar" />
135-->[:cloud_firestore] AndroidManifest.xml:11:17-82
136            <meta-data
136-->[:firebase_auth] AndroidManifest.xml:9:13-11:85
137                android:name="com.google.firebase.components:io.flutter.plugins.firebaseauth.FlutterFirebaseAppRegistrar"
137-->[:firebase_auth] AndroidManifest.xml:10:17-122
138                android:value="com.google.firebase.components.ComponentRegistrar" />
138-->[:firebase_auth] AndroidManifest.xml:11:17-82
139            <meta-data
139-->[:firebase_storage] AndroidManifest.xml:9:13-11:85
140                android:name="com.google.firebase.components:io.flutter.plugins.firebase.storage.FlutterFirebaseAppRegistrar"
140-->[:firebase_storage] AndroidManifest.xml:10:17-126
141                android:value="com.google.firebase.components.ComponentRegistrar" />
141-->[:firebase_storage] AndroidManifest.xml:11:17-82
142            <meta-data
142-->[:firebase_core] AndroidManifest.xml:9:13-11:85
143                android:name="com.google.firebase.components:io.flutter.plugins.firebase.core.FlutterFirebaseAppRegistrar"
143-->[:firebase_core] AndroidManifest.xml:10:17-123
144                android:value="com.google.firebase.components.ComponentRegistrar" />
144-->[:firebase_core] AndroidManifest.xml:11:17-82
145            <meta-data
145-->[com.google.firebase:firebase-firestore:21.3.0] AndroidManifest.xml:20:13-22:85
146                android:name="com.google.firebase.components:com.google.firebase.firestore.FirestoreRegistrar"
146-->[com.google.firebase:firebase-firestore:21.3.0] AndroidManifest.xml:21:17-111
147                android:value="com.google.firebase.components.ComponentRegistrar" />
147-->[com.google.firebase:firebase-firestore:21.3.0] AndroidManifest.xml:22:17-82
148            <meta-data
148-->[com.google.firebase:firebase-auth:19.2.0] AndroidManifest.xml:36:13-38:85
149                android:name="com.google.firebase.components:com.google.firebase.auth.FirebaseAuthRegistrar"
149-->[com.google.firebase:firebase-auth:19.2.0] AndroidManifest.xml:37:17-109
150                android:value="com.google.firebase.components.ComponentRegistrar" />
150-->[com.google.firebase:firebase-auth:19.2.0] AndroidManifest.xml:38:17-82
151            <meta-data
151-->[com.google.firebase:firebase-storage:17.0.0] AndroidManifest.xml:31:13-33:85
152                android:name="com.google.firebase.components:com.google.firebase.storage.StorageRegistrar"
152-->[com.google.firebase:firebase-storage:17.0.0] AndroidManifest.xml:32:17-107
153                android:value="com.google.firebase.components.ComponentRegistrar" />
153-->[com.google.firebase:firebase-storage:17.0.0] AndroidManifest.xml:33:17-82
154            <meta-data
154-->[com.google.android.gms:play-services-measurement-api:17.2.2] AndroidManifest.xml:30:13-32:85
155                android:name="com.google.firebase.components:com.google.firebase.analytics.connector.internal.AnalyticsConnectorRegistrar"
155-->[com.google.android.gms:play-services-measurement-api:17.2.2] AndroidManifest.xml:31:17-139
156                android:value="com.google.firebase.components.ComponentRegistrar" />
156-->[com.google.android.gms:play-services-measurement-api:17.2.2] AndroidManifest.xml:32:17-82
157            <meta-data
157-->[com.google.firebase:firebase-iid:20.0.2] AndroidManifest.xml:32:13-34:85
158                android:name="com.google.firebase.components:com.google.firebase.iid.Registrar"
158-->[com.google.firebase:firebase-iid:20.0.2] AndroidManifest.xml:33:17-96
159                android:value="com.google.firebase.components.ComponentRegistrar" />
159-->[com.google.firebase:firebase-iid:20.0.2] AndroidManifest.xml:34:17-82
160        </service>
161
162        <receiver android:name="com.dexterous.flutterlocalnotifications.ScheduledNotificationReceiver" />
162-->[:flutter_local_notifications] AndroidManifest.xml:12:9-106
162-->[:flutter_local_notifications] AndroidManifest.xml:12:19-103
163        <receiver android:name="com.dexterous.flutterlocalnotifications.ScheduledNotificationBootReceiver" >
163-->[:flutter_local_notifications] AndroidManifest.xml:13:9-20:20
163-->[:flutter_local_notifications] AndroidManifest.xml:13:19-107
164            <intent-filter>
164-->[:flutter_local_notifications] AndroidManifest.xml:14:13-19:29
165                <action android:name="android.intent.action.BOOT_COMPLETED" />
165-->[:flutter_local_notifications] AndroidManifest.xml:15:17-79
165-->[:flutter_local_notifications] AndroidManifest.xml:15:25-76
166                <action android:name="android.intent.action.MY_PACKAGE_REPLACED" />
166-->[:flutter_local_notifications] AndroidManifest.xml:16:17-84
166-->[:flutter_local_notifications] AndroidManifest.xml:16:25-81
167                <action android:name="android.intent.action.QUICKBOOT_POWERON" />
167-->[:flutter_local_notifications] AndroidManifest.xml:17:17-82
167-->[:flutter_local_notifications] AndroidManifest.xml:17:25-79
168                <action android:name="com.htc.intent.action.QUICKBOOT_POWERON" />
168-->[:flutter_local_notifications] AndroidManifest.xml:18:17-82
168-->[:flutter_local_notifications] AndroidManifest.xml:18:25-79
169            </intent-filter>
170        </receiver>
171
172        <activity
172-->[:url_launcher] AndroidManifest.xml:8:9-11:74
173            android:name="io.flutter.plugins.urllauncher.WebViewActivity"
173-->[:url_launcher] AndroidManifest.xml:9:13-74
174            android:exported="false"
174-->[:url_launcher] AndroidManifest.xml:10:13-37
175            android:theme="@android:style/Theme.NoTitleBar.Fullscreen" />
175-->[:url_launcher] AndroidManifest.xml:11:13-71
176
177        <provider
177-->[com.sangcomz:FishBun:0.11.2] AndroidManifest.xml:12:9-20:20
178            android:name="com.sangcomz.fishbun.FishBunFileProvider"
178-->[com.sangcomz:FishBun:0.11.2] AndroidManifest.xml:13:13-68
179            android:authorities="com.flutterthailand.final_project.fishbunfileprovider"
179-->[com.sangcomz:FishBun:0.11.2] AndroidManifest.xml:14:13-71
180            android:exported="false"
180-->[com.sangcomz:FishBun:0.11.2] AndroidManifest.xml:15:13-37
181            android:grantUriPermissions="true" >
181-->[com.sangcomz:FishBun:0.11.2] AndroidManifest.xml:16:13-47
182            <meta-data
182-->[:image_picker] AndroidManifest.xml:16:13-18:75
183                android:name="android.support.FILE_PROVIDER_PATHS"
183-->[:image_picker] AndroidManifest.xml:17:17-67
184                android:resource="@xml/provider_paths" />
184-->[:image_picker] AndroidManifest.xml:18:17-72
185        </provider>
186
187        <activity
187-->[com.sangcomz:FishBun:0.11.2] AndroidManifest.xml:22:9-25:51
188            android:name="com.sangcomz.fishbun.ui.album.AlbumActivity"
188-->[com.sangcomz:FishBun:0.11.2] AndroidManifest.xml:23:13-71
189            android:label="@string/album"
189-->[com.sangcomz:FishBun:0.11.2] AndroidManifest.xml:24:13-42
190            android:theme="@style/FishBunTheme" />
190-->[com.sangcomz:FishBun:0.11.2] AndroidManifest.xml:25:13-48
191        <activity
191-->[com.sangcomz:FishBun:0.11.2] AndroidManifest.xml:26:9-28:51
192            android:name="com.sangcomz.fishbun.ui.picker.PickerActivity"
192-->[com.sangcomz:FishBun:0.11.2] AndroidManifest.xml:27:13-73
193            android:theme="@style/FishBunTheme" />
193-->[com.sangcomz:FishBun:0.11.2] AndroidManifest.xml:28:13-48
194        <activity
194-->[com.sangcomz:FishBun:0.11.2] AndroidManifest.xml:29:9-31:54
195            android:name="com.sangcomz.fishbun.ui.detail.DetailActivity"
195-->[com.sangcomz:FishBun:0.11.2] AndroidManifest.xml:30:13-73
196            android:theme="@style/DetailViewTheme" />
196-->[com.sangcomz:FishBun:0.11.2] AndroidManifest.xml:31:13-51
197        <activity
197-->[com.google.firebase:firebase-auth:19.2.0] AndroidManifest.xml:24:9-31:50
198            android:name="com.google.firebase.auth.internal.FederatedSignInActivity"
198-->[com.google.firebase:firebase-auth:19.2.0] AndroidManifest.xml:25:13-85
199            android:excludeFromRecents="true"
199-->[com.google.firebase:firebase-auth:19.2.0] AndroidManifest.xml:26:13-46
200            android:exported="true"
200-->[com.google.firebase:firebase-auth:19.2.0] AndroidManifest.xml:27:13-36
201            android:launchMode="singleTask"
201-->[com.google.firebase:firebase-auth:19.2.0] AndroidManifest.xml:28:13-44
202            android:permission="com.google.firebase.auth.api.gms.permission.LAUNCH_FEDERATED_SIGN_IN"
202-->[com.google.firebase:firebase-auth:19.2.0] AndroidManifest.xml:29:13-102
203            android:theme="@android:style/Theme.Translucent.NoTitleBar" /> <!-- Needs to be explicitly declared on P+ -->
203-->[com.google.firebase:firebase-auth:19.2.0] AndroidManifest.xml:30:13-72
204        <uses-library
204-->[com.google.android.gms:play-services-maps:17.0.0] AndroidManifest.xml:33:9-35:40
205            android:name="org.apache.http.legacy"
205-->[com.google.android.gms:play-services-maps:17.0.0] AndroidManifest.xml:34:13-50
206            android:required="false" />
206-->[com.google.android.gms:play-services-maps:17.0.0] AndroidManifest.xml:35:13-37
207
208        <receiver
208-->[com.google.firebase:firebase-iid:20.0.2] AndroidManifest.xml:37:9-44:20
209            android:name="com.google.firebase.iid.FirebaseInstanceIdReceiver"
209-->[com.google.firebase:firebase-iid:20.0.2] AndroidManifest.xml:38:13-78
210            android:exported="true"
210-->[com.google.firebase:firebase-iid:20.0.2] AndroidManifest.xml:39:13-36
211            android:permission="com.google.android.c2dm.permission.SEND" >
211-->[com.google.firebase:firebase-iid:20.0.2] AndroidManifest.xml:40:13-73
212            <intent-filter>
212-->[com.google.firebase:firebase-iid:20.0.2] AndroidManifest.xml:41:13-43:29
213                <action android:name="com.google.android.c2dm.intent.RECEIVE" />
213-->[com.google.firebase:firebase-iid:20.0.2] AndroidManifest.xml:42:17-81
213-->[com.google.firebase:firebase-iid:20.0.2] AndroidManifest.xml:42:25-78
214            </intent-filter>
215        </receiver>
216
217        <provider
217-->[com.google.firebase:firebase-common:19.3.0] AndroidManifest.xml:26:9-30:39
218            android:name="com.google.firebase.provider.FirebaseInitProvider"
218-->[com.google.firebase:firebase-common:19.3.0] AndroidManifest.xml:27:13-77
219            android:authorities="com.flutterthailand.final_project.firebaseinitprovider"
219-->[com.google.firebase:firebase-common:19.3.0] AndroidManifest.xml:28:13-72
220            android:exported="false"
220-->[com.google.firebase:firebase-common:19.3.0] AndroidManifest.xml:29:13-37
221            android:initOrder="100" />
221-->[com.google.firebase:firebase-common:19.3.0] AndroidManifest.xml:30:13-36
222
223        <activity
223-->[com.google.android.gms:play-services-auth:16.0.1] AndroidManifest.xml:23:9-27:75
224            android:name="com.google.android.gms.auth.api.signin.internal.SignInHubActivity"
224-->[com.google.android.gms:play-services-auth:16.0.1] AndroidManifest.xml:24:13-93
225            android:excludeFromRecents="true"
225-->[com.google.android.gms:play-services-auth:16.0.1] AndroidManifest.xml:25:13-46
226            android:exported="false"
226-->[com.google.android.gms:play-services-auth:16.0.1] AndroidManifest.xml:26:13-37
227            android:theme="@android:style/Theme.Translucent.NoTitleBar" />
227-->[com.google.android.gms:play-services-auth:16.0.1] AndroidManifest.xml:27:13-72
228        <!--
229            Service handling Google Sign-In user revocation. For apps that do not integrate with
230            Google Sign-In, this service will never be started.
231        -->
232        <service
232-->[com.google.android.gms:play-services-auth:16.0.1] AndroidManifest.xml:33:9-36:110
233            android:name="com.google.android.gms.auth.api.signin.RevocationBoundService"
233-->[com.google.android.gms:play-services-auth:16.0.1] AndroidManifest.xml:34:13-89
234            android:exported="true"
234-->[com.google.android.gms:play-services-auth:16.0.1] AndroidManifest.xml:35:13-36
235            android:permission="com.google.android.gms.auth.api.signin.permission.REVOCATION_NOTIFICATION" />
235-->[com.google.android.gms:play-services-auth:16.0.1] AndroidManifest.xml:36:13-107
236
237        <receiver
237-->[com.google.android.gms:play-services-measurement:17.2.2] AndroidManifest.xml:29:9-33:20
238            android:name="com.google.android.gms.measurement.AppMeasurementReceiver"
238-->[com.google.android.gms:play-services-measurement:17.2.2] AndroidManifest.xml:30:13-85
239            android:enabled="true"
239-->[com.google.android.gms:play-services-measurement:17.2.2] AndroidManifest.xml:31:13-35
240            android:exported="false" >
240-->[com.google.android.gms:play-services-measurement:17.2.2] AndroidManifest.xml:32:13-37
241        </receiver>
242        <receiver
242-->[com.google.android.gms:play-services-measurement:17.2.2] AndroidManifest.xml:34:9-42:20
243            android:name="com.google.android.gms.measurement.AppMeasurementInstallReferrerReceiver"
243-->[com.google.android.gms:play-services-measurement:17.2.2] AndroidManifest.xml:35:13-100
244            android:enabled="true"
244-->[com.google.android.gms:play-services-measurement:17.2.2] AndroidManifest.xml:36:13-35
245            android:exported="true"
245-->[com.google.android.gms:play-services-measurement:17.2.2] AndroidManifest.xml:37:13-36
246            android:permission="android.permission.INSTALL_PACKAGES" >
246-->[com.google.android.gms:play-services-measurement:17.2.2] AndroidManifest.xml:38:13-69
247            <intent-filter>
247-->[com.google.android.gms:play-services-measurement:17.2.2] AndroidManifest.xml:39:13-41:29
248                <action android:name="com.android.vending.INSTALL_REFERRER" />
248-->[com.google.android.gms:play-services-measurement:17.2.2] AndroidManifest.xml:40:17-79
248-->[com.google.android.gms:play-services-measurement:17.2.2] AndroidManifest.xml:40:25-76
249            </intent-filter>
250        </receiver>
251
252        <service
252-->[com.google.android.gms:play-services-measurement:17.2.2] AndroidManifest.xml:44:9-47:40
253            android:name="com.google.android.gms.measurement.AppMeasurementService"
253-->[com.google.android.gms:play-services-measurement:17.2.2] AndroidManifest.xml:45:13-84
254            android:enabled="true"
254-->[com.google.android.gms:play-services-measurement:17.2.2] AndroidManifest.xml:46:13-35
255            android:exported="false" />
255-->[com.google.android.gms:play-services-measurement:17.2.2] AndroidManifest.xml:47:13-37
256        <service
256-->[com.google.android.gms:play-services-measurement:17.2.2] AndroidManifest.xml:48:9-52:72
257            android:name="com.google.android.gms.measurement.AppMeasurementJobService"
257-->[com.google.android.gms:play-services-measurement:17.2.2] AndroidManifest.xml:49:13-87
258            android:enabled="true"
258-->[com.google.android.gms:play-services-measurement:17.2.2] AndroidManifest.xml:50:13-35
259            android:exported="false"
259-->[com.google.android.gms:play-services-measurement:17.2.2] AndroidManifest.xml:51:13-37
260            android:permission="android.permission.BIND_JOB_SERVICE" />
260-->[com.google.android.gms:play-services-measurement:17.2.2] AndroidManifest.xml:52:13-69
261
262        <activity
262-->[com.google.android.gms:play-services-base:17.1.0] AndroidManifest.xml:23:9-26:75